<?xml version="1.0" encoding="UTF-8"?>
<!-- Generated by org.testng.reporters.JUnitXMLReporter -->
<testsuite hostname="Khosruzs-MBP" ignored="0" name="Default test" tests="4" failures="0" timestamp="2019-12-02T15:51:27 EST" time="37.857" errors="0">
  <testcase name="logOut" time="9.059" classname="com.Runner.SmockRunTestNG"/>
  <testcase name="login" time="8.536" classname="com.Runner.SmockRunTestNG"/>
  <testcase name="myAccount" time="10.027" classname="com.Runner.SmockRunTestNG"/>
  <testcase name="signUP" time="9.606" classname="com.Runner.SmockRunTestNG"/>
</testsuite> <!-- Default test -->
