<?xml version="1.0" encoding="UTF-8"?>
<testng-results skipped="0" failed="0" ignored="0" total="1" passed="1">
  <reporter-output>
  </reporter-output>
  <suite name="Default suite" duration-ms="7401" started-at="2019-12-02T01:07:53 EST" finished-at="2019-12-02T01:08:01 EST">
    <groups>
    </groups>
    <test name="Default test" duration-ms="7401" started-at="2019-12-02T01:07:53 EST" finished-at="2019-12-02T01:08:01 EST">
      <class name="com.Pages.RoughPage">
        <test-method status="PASS" signature="testSetup()[pri:0, instance:com.Pages.RoughPage@4973813a]" name="testSetup" is-config="true" duration-ms="3881" started-at="2019-12-02T01:07:53 EST" finished-at="2019-12-02T01:07:57 EST">
          <reporter-output>
          </reporter-output>
        </test-method> <!-- testSetup -->
        <test-method status="PASS" signature="searchHomePage()[pri:0, instance:com.Pages.RoughPage@4973813a]" name="searchHomePage" duration-ms="3245" started-at="2019-12-02T01:07:57 EST" finished-at="2019-12-02T01:08:00 EST">
          <reporter-output>
          </reporter-output>
        </test-method> <!-- searchHomePage -->
        <test-method status="PASS" signature="tearDown()[pri:0, instance:com.Pages.RoughPage@4973813a]" name="tearDown" is-config="true" duration-ms="237" started-at="2019-12-02T01:08:00 EST" finished-at="2019-12-02T01:08:01 EST">
          <reporter-output>
          </reporter-output>
        </test-method> <!-- tearDown -->
      </class> <!-- com.Pages.RoughPage -->
    </test> <!-- Default test -->
  </suite> <!-- Default suite -->
</testng-results>
